{"/Users/federico/tdd-pair-programming/src/index.js": {"path":"/Users/federico/tdd-pair-programming/src/index.js","statementMap":{"0":{"start":{"line":1,"column":19},"end":{"line":1,"column":50}},"1":{"start":{"line":4,"column":2},"end":{"line":4,"column":44}},"2":{"start":{"line":7,"column":0},"end":{"line":21,"column":1}},"3":{"start":{"line":10,"column":23},"end":{"line":10,"column":50}},"4":{"start":{"line":10,"column":36},"end":{"line":10,"column":49}},"5":{"start":{"line":10,"column":47},"end":{"line":10,"column":48}},"6":{"start":{"line":11,"column":21},"end":{"line":11,"column":85}},"7":{"start":{"line":11,"column":38},"end":{"line":11,"column":85}},"8":{"start":{"line":11,"column":61},"end":{"line":11,"column":73}},"9":{"start":{"line":13,"column":4},"end":{"line":17,"column":5}},"10":{"start":{"line":14,"column":16},"end":{"line":14,"column":34}},"11":{"start":{"line":15,"column":16},"end":{"line":15,"column":34}},"12":{"start":{"line":16,"column":6},"end":{"line":16,"column":58}},"13":{"start":{"line":19,"column":4},"end":{"line":19,"column":32}}},"fnMap":{"0":{"name":"getDirection","decl":{"start":{"line":3,"column":9},"end":{"line":3,"column":21}},"loc":{"start":{"line":3,"column":29},"end":{"line":5,"column":1}},"line":3},"1":{"name":"(anonymous_1)","decl":{"start":{"line":9,"column":2},"end":{"line":9,"column":3}},"loc":{"start":{"line":9,"column":48},"end":{"line":20,"column":3}},"line":9},"2":{"name":"(anonymous_2)","decl":{"start":{"line":10,"column":31},"end":{"line":10,"column":32}},"loc":{"start":{"line":10,"column":36},"end":{"line":10,"column":49}},"line":10},"3":{"name":"(anonymous_3)","decl":{"start":{"line":10,"column":42},"end":{"line":10,"column":43}},"loc":{"start":{"line":10,"column":47},"end":{"line":10,"column":48}},"line":10},"4":{"name":"(anonymous_4)","decl":{"start":{"line":11,"column":21},"end":{"line":11,"column":22}},"loc":{"start":{"line":11,"column":38},"end":{"line":11,"column":85}},"line":11},"5":{"name":"(anonymous_5)","decl":{"start":{"line":11,"column":54},"end":{"line":11,"column":55}},"loc":{"start":{"line":11,"column":61},"end":{"line":11,"column":73}},"line":11}},"branchMap":{"0":{"loc":{"start":{"line":4,"column":9},"end":{"line":4,"column":43}},"type":"binary-expr","locations":[{"start":{"line":4,"column":9},"end":{"line":4,"column":26}},{"start":{"line":4,"column":30},"end":{"line":4,"column":43}}],"line":4},"1":{"loc":{"start":{"line":9,"column":21},"end":{"line":9,"column":29}},"type":"default-arg","locations":[{"start":{"line":9,"column":27},"end":{"line":9,"column":29}}],"line":9},"2":{"loc":{"start":{"line":13,"column":4},"end":{"line":17,"column":5}},"type":"if","locations":[{"start":{"line":13,"column":4},"end":{"line":17,"column":5}},{"start":{},"end":{}}],"line":13}},"s":{"0":1,"1":3,"2":1,"3":7,"4":25,"5":125,"6":7,"7":7,"8":25,"9":7,"10":3,"11":3,"12":3,"13":7},"f":{"0":3,"1":7,"2":25,"3":125,"4":7,"5":25},"b":{"0":[3,2],"1":[2],"2":[3,4]},"_coverageSchema":"1a1c01bbd47fc00a2c39e90264f33305004495a9","hash":"e3ff1a2873883aebce035c2fad3e520590d10543"}
}
